d:\code\github\gametools\pvz\pvztoolpotato\pvztoolpotato\x64\debug\pvztoolpotato.pch
d:\code\github\gametools\pvz\pvztoolpotato\pvztoolpotato\x64\debug\vc145.pdb
d:\code\github\gametools\pvz\pvztoolpotato\pvztoolpotato\x64\debug\vc145.idb
d:\code\github\gametools\pvz\pvztoolpotato\pvztoolpotato\x64\debug\pch.obj
d:\code\github\gametools\pvz\pvztoolpotato\pvztoolpotato\x64\debug\pvztoolpotato.obj
d:\code\github\gametools\pvz\pvztoolpotato\pvztoolpotato\x64\debug\pvztoolpotatodlg.obj
d:\code\github\gametools\pvz\pvztoolpotato\x64\debug\pvztoolpotato.exe
d:\code\github\gametools\pvz\pvztoolpotato\x64\debug\pvztoolpotato.pdb
d:\code\github\gametools\pvz\pvztoolpotato\pvztoolpotato\x64\debug\pvztoolpotato.res
d:\code\github\gametools\pvz\pvztoolpotato\pvztoolpotato\x64\debug\pvztoolpotato.ilk
d:\code\github\gametools\pvz\pvztoolpotato\pvztoolpotato\x64\debug\pvztoolpotato.tlog\cl.command.1.tlog
d:\code\github\gametools\pvz\pvztoolpotato\pvztoolpotato\x64\debug\pvztoolpotato.tlog\cl.items.tlog
d:\code\github\gametools\pvz\pvztoolpotato\pvztoolpotato\x64\debug\pvztoolpotato.tlog\cl.read.1.tlog
d:\code\github\gametools\pvz\pvztoolpotato\pvztoolpotato\x64\debug\pvztoolpotato.tlog\cl.write.1.tlog
d:\code\github\gametools\pvz\pvztoolpotato\pvztoolpotato\x64\debug\pvztoolpotato.tlog\link.command.1.tlog
d:\code\github\gametools\pvz\pvztoolpotato\pvztoolpotato\x64\debug\pvztoolpotato.tlog\link.read.1.tlog
d:\code\github\gametools\pvz\pvztoolpotato\pvztoolpotato\x64\debug\pvztoolpotato.tlog\link.secondary.1.tlog
d:\code\github\gametools\pvz\pvztoolpotato\pvztoolpotato\x64\debug\pvztoolpotato.tlog\link.write.1.tlog
d:\code\github\gametools\pvz\pvztoolpotato\pvztoolpotato\x64\debug\pvztoolpotato.tlog\rc.command.1.tlog
d:\code\github\gametools\pvz\pvztoolpotato\pvztoolpotato\x64\debug\pvztoolpotato.tlog\rc.read.1.tlog
d:\code\github\gametools\pvz\pvztoolpotato\pvztoolpotato\x64\debug\pvztoolpotato.tlog\rc.write.1.tlog
