d:\code\github\gametools\pvz\pvztoolpotato\pvztoolpotato\x64\release\pvztoolpotato.pch
d:\code\github\gametools\pvz\pvztoolpotato\pvztoolpotato\x64\release\vc145.pdb
d:\code\github\gametools\pvz\pvztoolpotato\pvztoolpotato\x64\release\pch.obj
d:\code\github\gametools\pvz\pvztoolpotato\pvztoolpotato\x64\release\pvztoolpotatodlg.obj
d:\code\github\gametools\pvz\pvztoolpotato\pvztoolpotato\x64\release\pvztoolpotato.obj
d:\code\github\gametools\pvz\pvztoolpotato\x64\release\pvztoolpotato.exe
d:\code\github\gametools\pvz\pvztoolpotato\x64\release\pvztoolpotato.pdb
d:\code\github\gametools\pvz\pvztoolpotato\pvztoolpotato\x64\release\pvztoolpotato.res
d:\code\github\gametools\pvz\pvztoolpotato\pvztoolpotato\x64\release\pvztoolpotato.ipdb
d:\code\github\gametools\pvz\pvztoolpotato\pvztoolpotato\x64\release\pvztoolpotato.iobj
d:\code\github\gametools\pvz\pvztoolpotato\pvztoolpotato\x64\release\pvztoolpotato.tlog\cl.command.1.tlog
d:\code\github\gametools\pvz\pvztoolpotato\pvztoolpotato\x64\release\pvztoolpotato.tlog\cl.items.tlog
d:\code\github\gametools\pvz\pvztoolpotato\pvztoolpotato\x64\release\pvztoolpotato.tlog\cl.read.1.tlog
d:\code\github\gametools\pvz\pvztoolpotato\pvztoolpotato\x64\release\pvztoolpotato.tlog\cl.write.1.tlog
d:\code\github\gametools\pvz\pvztoolpotato\pvztoolpotato\x64\release\pvztoolpotato.tlog\link.command.1.tlog
d:\code\github\gametools\pvz\pvztoolpotato\pvztoolpotato\x64\release\pvztoolpotato.tlog\link.read.1.tlog
d:\code\github\gametools\pvz\pvztoolpotato\pvztoolpotato\x64\release\pvztoolpotato.tlog\link.secondary.1.tlog
d:\code\github\gametools\pvz\pvztoolpotato\pvztoolpotato\x64\release\pvztoolpotato.tlog\link.write.1.tlog
d:\code\github\gametools\pvz\pvztoolpotato\pvztoolpotato\x64\release\pvztoolpotato.tlog\rc.command.1.tlog
d:\code\github\gametools\pvz\pvztoolpotato\pvztoolpotato\x64\release\pvztoolpotato.tlog\rc.read.1.tlog
d:\code\github\gametools\pvz\pvztoolpotato\pvztoolpotato\x64\release\pvztoolpotato.tlog\rc.write.1.tlog
